# JRE version: Java(TM) SE Runtime Environment (10.0.2+13) (build 10.0.2+13)
# Java VM: Java HotSpot(TM) 64-Bit Server VM (10.0.2+13, mixed mode, tiered, compressed oops, g1 gc, windows-amd64)
Heap:
 garbage-first heap   total 131072K, used 47800K [0x0000000081000000, 0x0000000100000000)
  region size 1024K, 37 young (37888K), 3 survivors (3072K)
 Metaspace       used 33681K, capacity 34928K, committed 35456K, reserved 1079296K
  class space    used 4380K, capacity 4919K, committed 4992K, reserved 1048576K
GC Heap History (6 events):
Event: 2.276 GC heap before
{Heap before GC invocations=0 (full 0):
 garbage-first heap   total 131072K, used 15360K [0x0000000081000000, 0x0000000100000000)
  region size 1024K, 14 young (14336K), 0 survivors (0K)
 Metaspace       used 12014K, capacity 12250K, committed 12416K, reserved 1060864K
  class space    used 1272K, capacity 1379K, committed 1408K, reserved 1048576K
}
Event: 2.280 GC heap after
{Heap after GC invocations=1 (full 0):
 garbage-first heap   total 131072K, used 4438K [0x0000000081000000, 0x0000000100000000)
  region size 1024K, 2 young (2048K), 2 survivors (2048K)
 Metaspace       used 12014K, capacity 12250K, committed 12416K, reserved 1060864K
  class space    used 1272K, capacity 1379K, committed 1408K, reserved 1048576K
}
Event: 3.260 GC heap before
{Heap before GC invocations=1 (full 0):
 garbage-first heap   total 131072K, used 13654K [0x0000000081000000, 0x0000000100000000)
  region size 1024K, 11 young (11264K), 2 survivors (2048K)
 Metaspace       used 15639K, capacity 16069K, committed 16384K, reserved 1062912K
  class space    used 1744K, capacity 1945K, committed 2048K, reserved 1048576K
}
Event: 3.265 GC heap after
{Heap after GC invocations=2 (full 0):
 garbage-first heap   total 131072K, used 5571K [0x0000000081000000, 0x0000000100000000)
  region size 1024K, 2 young (2048K), 2 survivors (2048K)
 Metaspace       used 15639K, capacity 16069K, committed 16384K, reserved 1062912K
  class space    used 1744K, capacity 1945K, committed 2048K, reserved 1048576K
}
Event: 9.860 GC heap before
{Heap before GC invocations=2 (full 0):
 garbage-first heap   total 131072K, used 16835K [0x0000000081000000, 0x0000000100000000)
  region size 1024K, 14 young (14336K), 2 survivors (2048K)
 Metaspace       used 20342K, capacity 20921K, committed 21296K, reserved 1069056K
  class space    used 2339K, capacity 2617K, committed 2688K, reserved 1048576K
}
Event: 9.864 GC heap after
{Heap after GC invocations=3 (full 0):
 garbage-first heap   total 131072K, used 6840K [0x0000000081000000, 0x0000000100000000)
  region size 1024K, 3 young (3072K), 3 survivors (3072K)
 Metaspace       used 20342K, capacity 20921K, committed 21296K, reserved 1069056K
  class space    used 2339K, capacity 2617K, committed 2688K, reserved 1048576K
}

